2026-02-20 08:16:05,068 - INFO - ================================================================================
2026-02-20 08:16:05,069 - INFO - GMAIL WATCHER - FULLY AUTOMATED (IMAP)
2026-02-20 08:16:05,069 - INFO - ================================================================================
2026-02-20 08:16:05,069 - INFO - Email: your_gmail_email@gmail.com
2026-02-20 08:16:05,069 - INFO - Check interval: 180 seconds
2026-02-20 08:16:05,070 - INFO - Output directory: ..\AI_Employee_Vault\Needs_Action
2026-02-20 08:16:05,070 - INFO - ================================================================================
2026-02-20 08:16:05,070 - INFO - 
2026-02-20 08:16:05,071 - INFO - [OK] Starting autonomous monitoring...
2026-02-20 08:16:05,071 - INFO - [OK] NO manual login required!
2026-02-20 08:16:05,071 - INFO - 
2026-02-20 08:16:05,071 - INFO - [2026-02-20 08:16:05] Checking for new emails...
2026-02-20 08:16:05,071 - INFO - Connecting to Gmail IMAP server...
2026-02-20 08:16:05,786 - ERROR - Failed to connect to Gmail: b'[AUTHENTICATIONFAILED] Invalid credentials (Failure)'
2026-02-20 08:16:05,786 - ERROR - Make sure you're using Gmail App Password, not regular password
2026-02-20 08:16:05,786 - ERROR - Generate one at: https://myaccount.google.com/apppasswords
2026-02-20 08:16:05,787 - INFO - No new Agentic AI emails
2026-02-20 08:16:05,787 - INFO - Waiting 180 seconds until next check...
2026-02-20 08:17:38,196 - INFO - ================================================================================
2026-02-20 08:17:38,197 - INFO - GMAIL WATCHER - FULLY AUTOMATED (IMAP)
2026-02-20 08:17:38,197 - INFO - ================================================================================
2026-02-20 08:17:38,197 - INFO - Email: fateehaaayat@gmail.com
2026-02-20 08:17:38,198 - INFO - Check interval: 180 seconds
2026-02-20 08:17:38,198 - INFO - Output directory: ..\AI_Employee_Vault\Needs_Action
2026-02-20 08:17:38,198 - INFO - ================================================================================
2026-02-20 08:17:38,198 - INFO - 
2026-02-20 08:17:38,199 - INFO - [OK] Starting autonomous monitoring...
2026-02-20 08:17:38,199 - INFO - [OK] NO manual login required!
2026-02-20 08:17:38,199 - INFO - 
2026-02-20 08:17:38,199 - INFO - [2026-02-20 08:17:38] Checking for new emails...
2026-02-20 08:17:38,199 - INFO - Connecting to Gmail IMAP server...
2026-02-20 08:17:39,090 - INFO - [OK] Connected to Gmail successfully!
2026-02-20 08:17:39,446 - INFO - Found 8 unread email(s)
2026-02-20 08:17:58,511 - ERROR - Error fetching emails: [Errno 22] Invalid argument: '..\\AI_Employee_Vault\\Needs_Action\\EMAIL_20260220_081758_Simra Jabeen <simraj.md'
2026-02-20 08:17:58,658 - INFO - No new Agentic AI emails
2026-02-20 08:17:58,658 - INFO - Waiting 180 seconds until next check...
2026-02-20 08:18:46,104 - INFO - ================================================================================
2026-02-20 08:18:46,104 - INFO - GMAIL WATCHER - FULLY AUTOMATED (IMAP)
2026-02-20 08:18:46,104 - INFO - ================================================================================
2026-02-20 08:18:46,104 - INFO - Email: fateehaaayat@gmail.com
2026-02-20 08:18:46,105 - INFO - Check interval: 180 seconds
2026-02-20 08:18:46,105 - INFO - Output directory: ..\AI_Employee_Vault\Needs_Action
2026-02-20 08:18:46,105 - INFO - ================================================================================
2026-02-20 08:18:46,105 - INFO - 
2026-02-20 08:18:46,106 - INFO - [OK] Starting autonomous monitoring...
2026-02-20 08:18:46,106 - INFO - [OK] NO manual login required!
2026-02-20 08:18:46,106 - INFO - 
2026-02-20 08:18:46,106 - INFO - [2026-02-20 08:18:46] Checking for new emails...
2026-02-20 08:18:46,106 - INFO - Connecting to Gmail IMAP server...
2026-02-20 08:18:46,938 - INFO - [OK] Connected to Gmail successfully!
2026-02-20 08:18:47,247 - INFO - Found 0 unread email(s)
2026-02-20 08:18:47,383 - INFO - No new Agentic AI emails
2026-02-20 08:18:47,383 - INFO - Waiting 180 seconds until next check...
2026-02-20 08:29:46,525 - INFO - ================================================================================
2026-02-20 08:29:46,525 - INFO - GMAIL WATCHER - FULLY AUTOMATED (IMAP)
2026-02-20 08:29:46,526 - INFO - ================================================================================
2026-02-20 08:29:46,526 - INFO - Email: fateehaaayat@gmail.com
2026-02-20 08:29:46,526 - INFO - Check interval: 180 seconds
2026-02-20 08:29:46,526 - INFO - Output directory: ..\AI_Employee_Vault\Needs_Action
2026-02-20 08:29:46,526 - INFO - ================================================================================
2026-02-20 08:29:46,527 - INFO - 
2026-02-20 08:29:46,527 - INFO - [OK] Starting autonomous monitoring...
2026-02-20 08:29:46,527 - INFO - [OK] NO manual login required!
2026-02-20 08:29:46,527 - INFO - 
2026-02-20 08:29:46,528 - INFO - [2026-02-20 08:29:46] Checking for new emails...
2026-02-20 08:29:46,528 - INFO - Connecting to Gmail IMAP server...
2026-02-20 08:29:47,554 - INFO - [OK] Connected to Gmail successfully!
2026-02-20 08:29:48,049 - INFO - Found 2 unread email(s)
2026-02-20 08:29:48,488 - INFO - [SAVED] EMAIL_20260220_082948_Simra Jabeen _simrajabeen16_gm.md
2026-02-20 08:29:48,488 - INFO - [ALL EMAILS] Email from Simra Jabeen <simrajabeen16@gmail.com>: 
2026-02-20 08:29:48,902 - INFO - [SAVED] EMAIL_20260220_082948_Simra Jabeen _simrajabeen16_gm.md
2026-02-20 08:29:48,902 - INFO - [AGENTIC AI] Email from Simra Jabeen <simrajabeen16@gmail.com>: Agenti AI
2026-02-20 08:29:49,136 - INFO - [OK] Found 2 new Agentic AI email(s)
2026-02-20 08:29:49,136 - INFO - Waiting 180 seconds until next check...
2026-02-20 22:51:17,968 - INFO - ================================================================================
2026-02-20 22:51:17,969 - INFO - GMAIL WATCHER - FULLY AUTOMATED (IMAP)
2026-02-20 22:51:17,969 - INFO - ================================================================================
2026-02-20 22:51:17,970 - INFO - Email: fateehaaayat@gmail.com
2026-02-20 22:51:17,970 - INFO - Check interval: 180 seconds
2026-02-20 22:51:17,970 - INFO - Output directory: ..\AI_Employee_Vault\Needs_Action
2026-02-20 22:51:17,970 - INFO - ================================================================================
2026-02-20 22:51:17,971 - INFO - 
2026-02-20 22:51:17,971 - INFO - [OK] Starting autonomous monitoring...
2026-02-20 22:51:17,971 - INFO - [OK] NO manual login required!
2026-02-20 22:51:17,971 - INFO - 
2026-02-20 22:51:17,971 - INFO - [2026-02-20 22:51:17] Checking for new emails...
2026-02-20 22:51:17,972 - INFO - Connecting to Gmail IMAP server...
2026-02-20 22:51:19,094 - INFO - [OK] Connected to Gmail successfully!
2026-02-20 22:51:19,629 - INFO - Found 5 unread email(s)
2026-02-20 22:51:20,140 - INFO - [SAVED] EMAIL_20260220_225120_fateehaaayat_gmail.com.md
2026-02-20 22:51:20,583 - INFO - [SAVED] EMAIL_20260220_225120_fateehaaayat_gmail.com.md
2026-02-20 22:51:20,977 - INFO - [SAVED] EMAIL_20260220_225120_Simra Jabeen _simrajabeen16_gm.md
2026-02-20 22:51:20,977 - INFO - [ALL EMAILS] Email from Simra Jabeen <simrajabeen16@gmail.com>: hi bandri
2026-02-20 22:51:21,416 - INFO - [SAVED] EMAIL_20260220_225121_fateehaaayat_gmail.com.md
2026-02-20 22:51:21,806 - INFO - [SAVED] EMAIL_20260220_225121_fateehaaayat_gmail.com.md
2026-02-20 22:51:22,036 - INFO - [OK] Found 5 new Agentic AI email(s)
2026-02-20 22:51:22,036 - INFO - Waiting 180 seconds until next check...
2026-02-20 22:54:22,037 - INFO - [2026-02-20 22:54:22] Checking for new emails...
2026-02-20 22:54:22,037 - INFO - Connecting to Gmail IMAP server...
2026-02-20 22:54:23,100 - INFO - [OK] Connected to Gmail successfully!
2026-02-20 22:54:23,606 - INFO - Found 0 unread email(s)
2026-02-20 22:54:23,878 - INFO - No new Agentic AI emails
2026-02-20 22:54:23,878 - INFO - Waiting 180 seconds until next check...
2026-02-20 22:57:03,805 - INFO - ================================================================================
2026-02-20 22:57:03,805 - INFO - GMAIL WATCHER - FULLY AUTOMATED (IMAP)
2026-02-20 22:57:03,805 - INFO - ================================================================================
2026-02-20 22:57:03,806 - INFO - Email: fateehaaayat@gmail.com
2026-02-20 22:57:03,806 - INFO - Check interval: 180 seconds
2026-02-20 22:57:03,807 - INFO - Output directory: ..\AI_Employee_Vault\Needs_Action
2026-02-20 22:57:03,807 - INFO - ================================================================================
2026-02-20 22:57:03,807 - INFO - 
2026-02-20 22:57:03,807 - INFO - [OK] Starting autonomous monitoring...
2026-02-20 22:57:03,808 - INFO - [OK] NO manual login required!
2026-02-20 22:57:03,808 - INFO - 
2026-02-20 22:57:03,808 - INFO - [2026-02-20 22:57:03] Checking for new emails...
2026-02-20 22:57:03,809 - INFO - Connecting to Gmail IMAP server...
2026-02-20 22:57:04,878 - INFO - [OK] Connected to Gmail successfully!
2026-02-20 22:57:05,402 - INFO - Found 0 unread email(s)
2026-02-20 22:57:05,648 - INFO - No new Agentic AI emails
2026-02-20 22:57:05,650 - INFO - Waiting 180 seconds until next check...
2026-02-20 22:57:23,878 - INFO - [2026-02-20 22:57:23] Checking for new emails...
2026-02-20 22:57:23,879 - INFO - Connecting to Gmail IMAP server...
2026-02-20 22:57:24,878 - INFO - [OK] Connected to Gmail successfully!
2026-02-20 22:57:25,365 - INFO - Found 0 unread email(s)
2026-02-20 22:57:25,598 - INFO - No new Agentic AI emails
2026-02-20 22:57:25,598 - INFO - Waiting 180 seconds until next check...
2026-02-20 23:00:00,310 - INFO - ================================================================================
2026-02-20 23:00:00,319 - INFO - GMAIL WATCHER - FULLY AUTOMATED (IMAP)
2026-02-20 23:00:00,326 - INFO - ================================================================================
2026-02-20 23:00:00,342 - INFO - Email: fateehaaayat@gmail.com
2026-02-20 23:00:00,422 - INFO - Check interval: 180 seconds
2026-02-20 23:00:00,425 - INFO - Output directory: ..\AI_Employee_Vault\Needs_Action
2026-02-20 23:00:00,427 - INFO - ================================================================================
2026-02-20 23:00:00,428 - INFO - 
2026-02-20 23:00:00,431 - INFO - [OK] Starting autonomous monitoring...
2026-02-20 23:00:00,433 - INFO - [OK] NO manual login required!
2026-02-20 23:00:00,441 - INFO - 
2026-02-20 23:00:00,442 - INFO - [2026-02-20 23:00:00] Checking for new emails...
2026-02-20 23:00:00,444 - INFO - Connecting to Gmail IMAP server...
2026-02-20 23:00:01,504 - INFO - [OK] Connected to Gmail successfully!
2026-02-20 23:00:02,042 - INFO - Found 1 unread email(s)
2026-02-20 23:00:02,515 - INFO - [SAVED] EMAIL_20260220_230002_Simra Jabeen _simrajabeen16_gm.md
2026-02-20 23:00:02,516 - INFO - [ALL EMAILS] Email from Simra Jabeen <simrajabeen16@gmail.com>: hi are u monkey
2026-02-20 23:00:02,807 - INFO - [OK] Found 1 new Agentic AI email(s)
2026-02-20 23:00:02,808 - INFO - Waiting 180 seconds until next check...
2026-02-20 23:00:05,651 - INFO - [2026-02-20 23:00:05] Checking for new emails...
2026-02-20 23:00:05,652 - INFO - Connecting to Gmail IMAP server...
2026-02-20 23:00:06,669 - INFO - [OK] Connected to Gmail successfully!
2026-02-20 23:00:08,323 - INFO - Found 0 unread email(s)
2026-02-20 23:00:08,748 - INFO - No new Agentic AI emails
2026-02-20 23:00:08,800 - INFO - Waiting 180 seconds until next check...
2026-02-20 23:00:25,598 - INFO - [2026-02-20 23:00:25] Checking for new emails...
2026-02-20 23:00:25,599 - INFO - Connecting to Gmail IMAP server...
2026-02-20 23:00:26,658 - INFO - [OK] Connected to Gmail successfully!
2026-02-20 23:00:27,176 - INFO - Found 0 unread email(s)
2026-02-20 23:00:27,422 - INFO - No new Agentic AI emails
2026-02-20 23:00:27,422 - INFO - Waiting 180 seconds until next check...
2026-02-20 23:03:02,809 - INFO - [2026-02-20 23:03:02] Checking for new emails...
2026-02-20 23:03:02,809 - INFO - Connecting to Gmail IMAP server...
2026-02-20 23:03:03,875 - INFO - [OK] Connected to Gmail successfully!
2026-02-20 23:03:04,383 - INFO - Found 0 unread email(s)
2026-02-20 23:03:04,617 - INFO - No new Agentic AI emails
2026-02-20 23:03:04,618 - INFO - Waiting 180 seconds until next check...
2026-02-20 23:03:08,806 - INFO - [2026-02-20 23:03:08] Checking for new emails...
2026-02-20 23:03:08,807 - INFO - Connecting to Gmail IMAP server...
2026-02-20 23:03:09,830 - INFO - [OK] Connected to Gmail successfully!
2026-02-20 23:03:10,426 - INFO - Found 0 unread email(s)
2026-02-20 23:03:10,668 - INFO - No new Agentic AI emails
2026-02-20 23:03:10,669 - INFO - Waiting 180 seconds until next check...
2026-02-20 23:03:27,423 - INFO - [2026-02-20 23:03:27] Checking for new emails...
2026-02-20 23:03:27,423 - INFO - Connecting to Gmail IMAP server...
2026-02-20 23:03:28,648 - INFO - [OK] Connected to Gmail successfully!
2026-02-20 23:03:29,356 - INFO - Found 0 unread email(s)
2026-02-20 23:03:29,596 - INFO - No new Agentic AI emails
2026-02-20 23:03:29,596 - INFO - Waiting 180 seconds until next check...
2026-02-20 23:05:18,715 - INFO - 
[STOP] Watcher stopped by user
2026-02-20 23:06:10,670 - INFO - [2026-02-20 23:06:10] Checking for new emails...
2026-02-20 23:06:10,672 - INFO - Connecting to Gmail IMAP server...
2026-02-20 23:06:11,795 - INFO - [OK] Connected to Gmail successfully!
2026-02-20 23:06:12,304 - INFO - Found 0 unread email(s)
2026-02-20 23:06:12,546 - INFO - No new Agentic AI emails
2026-02-20 23:06:12,547 - INFO - Waiting 180 seconds until next check...
2026-02-20 23:06:29,597 - INFO - [2026-02-20 23:06:29] Checking for new emails...
2026-02-20 23:06:29,597 - INFO - Connecting to Gmail IMAP server...
2026-02-20 23:06:30,537 - INFO - [OK] Connected to Gmail successfully!
2026-02-20 23:06:31,039 - INFO - Found 0 unread email(s)
2026-02-20 23:06:31,276 - INFO - No new Agentic AI emails
2026-02-20 23:06:31,276 - INFO - Waiting 180 seconds until next check...
2026-02-20 23:09:12,548 - INFO - [2026-02-20 23:09:12] Checking for new emails...
2026-02-20 23:09:12,548 - INFO - Connecting to Gmail IMAP server...
2026-02-20 23:09:13,584 - INFO - [OK] Connected to Gmail successfully!
2026-02-20 23:09:14,114 - INFO - Found 0 unread email(s)
2026-02-20 23:09:14,351 - INFO - No new Agentic AI emails
2026-02-20 23:09:14,352 - INFO - Waiting 180 seconds until next check...
2026-02-20 23:09:31,277 - INFO - [2026-02-20 23:09:31] Checking for new emails...
2026-02-20 23:09:31,277 - INFO - Connecting to Gmail IMAP server...
2026-02-20 23:09:32,318 - INFO - [OK] Connected to Gmail successfully!
2026-02-20 23:09:32,814 - INFO - Found 0 unread email(s)
2026-02-20 23:09:33,050 - INFO - No new Agentic AI emails
2026-02-20 23:09:33,050 - INFO - Waiting 180 seconds until next check...
2026-02-20 23:12:14,353 - INFO - [2026-02-20 23:12:14] Checking for new emails...
2026-02-20 23:12:14,353 - INFO - Connecting to Gmail IMAP server...
2026-02-20 23:12:15,352 - INFO - [OK] Connected to Gmail successfully!
2026-02-20 23:12:15,857 - INFO - Found 0 unread email(s)
2026-02-20 23:12:16,094 - INFO - No new Agentic AI emails
2026-02-20 23:12:16,094 - INFO - Waiting 180 seconds until next check...
2026-02-20 23:12:33,050 - INFO - [2026-02-20 23:12:33] Checking for new emails...
2026-02-20 23:12:33,051 - INFO - Connecting to Gmail IMAP server...
2026-02-20 23:12:34,269 - INFO - [OK] Connected to Gmail successfully!
2026-02-20 23:12:34,854 - INFO - Found 0 unread email(s)
2026-02-20 23:12:35,138 - INFO - No new Agentic AI emails
2026-02-20 23:12:35,139 - INFO - Waiting 180 seconds until next check...
2026-02-20 23:15:16,096 - INFO - [2026-02-20 23:15:16] Checking for new emails...
2026-02-20 23:15:16,096 - INFO - Connecting to Gmail IMAP server...
2026-02-20 23:15:17,220 - INFO - [OK] Connected to Gmail successfully!
2026-02-20 23:15:17,869 - INFO - Found 0 unread email(s)
2026-02-20 23:15:18,123 - INFO - No new Agentic AI emails
2026-02-20 23:15:18,124 - INFO - Waiting 180 seconds until next check...
2026-02-20 23:15:35,145 - INFO - [2026-02-20 23:15:35] Checking for new emails...
2026-02-20 23:15:35,146 - INFO - Connecting to Gmail IMAP server...
2026-02-20 23:15:36,156 - INFO - [OK] Connected to Gmail successfully!
2026-02-20 23:15:36,660 - INFO - Found 0 unread email(s)
2026-02-20 23:15:36,907 - INFO - No new Agentic AI emails
2026-02-20 23:15:36,907 - INFO - Waiting 180 seconds until next check...
2026-02-20 23:18:18,125 - INFO - [2026-02-20 23:18:18] Checking for new emails...
2026-02-20 23:18:18,125 - INFO - Connecting to Gmail IMAP server...
2026-02-20 23:18:19,128 - INFO - [OK] Connected to Gmail successfully!
2026-02-20 23:18:19,629 - INFO - Found 0 unread email(s)
2026-02-20 23:18:19,861 - INFO - No new Agentic AI emails
2026-02-20 23:18:19,862 - INFO - Waiting 180 seconds until next check...
2026-02-20 23:18:36,908 - INFO - [2026-02-20 23:18:36] Checking for new emails...
2026-02-20 23:18:36,909 - INFO - Connecting to Gmail IMAP server...
2026-02-20 23:18:38,175 - INFO - [OK] Connected to Gmail successfully!
2026-02-20 23:18:38,807 - INFO - Found 0 unread email(s)
2026-02-20 23:18:39,233 - INFO - No new Agentic AI emails
2026-02-20 23:18:39,234 - INFO - Waiting 180 seconds until next check...
2026-02-20 23:21:39,235 - INFO - [2026-02-20 23:21:39] Checking for new emails...
2026-02-20 23:21:39,235 - INFO - Connecting to Gmail IMAP server...
2026-02-20 23:21:42,819 - INFO - [OK] Connected to Gmail successfully!
2026-02-20 23:21:44,136 - INFO - Found 0 unread email(s)
2026-02-20 23:21:44,453 - INFO - No new Agentic AI emails
2026-02-20 23:21:44,453 - INFO - Waiting 180 seconds until next check...
2026-02-20 23:24:44,454 - INFO - [2026-02-20 23:24:44] Checking for new emails...
2026-02-20 23:24:44,454 - INFO - Connecting to Gmail IMAP server...
2026-02-20 23:24:45,998 - INFO - [OK] Connected to Gmail successfully!
2026-02-20 23:24:46,878 - INFO - Found 0 unread email(s)
2026-02-20 23:24:47,112 - INFO - No new Agentic AI emails
2026-02-20 23:24:47,112 - INFO - Waiting 180 seconds until next check...
2026-02-20 23:27:47,114 - INFO - [2026-02-20 23:27:47] Checking for new emails...
2026-02-20 23:27:47,115 - INFO - Connecting to Gmail IMAP server...
2026-02-20 23:27:48,247 - INFO - [OK] Connected to Gmail successfully!
2026-02-20 23:27:48,995 - INFO - Found 0 unread email(s)
2026-02-20 23:27:49,233 - INFO - No new Agentic AI emails
2026-02-20 23:27:49,234 - INFO - Waiting 180 seconds until next check...
2026-02-20 23:30:49,234 - INFO - [2026-02-20 23:30:49] Checking for new emails...
2026-02-20 23:30:49,235 - INFO - Connecting to Gmail IMAP server...
2026-02-20 23:30:50,318 - INFO - [OK] Connected to Gmail successfully!
2026-02-20 23:30:50,856 - INFO - Found 0 unread email(s)
2026-02-20 23:30:51,119 - INFO - No new Agentic AI emails
2026-02-20 23:30:51,119 - INFO - Waiting 180 seconds until next check...
2026-02-20 23:33:51,121 - INFO - [2026-02-20 23:33:51] Checking for new emails...
2026-02-20 23:33:51,121 - INFO - Connecting to Gmail IMAP server...
2026-02-20 23:33:52,628 - INFO - [OK] Connected to Gmail successfully!
2026-02-20 23:33:53,431 - INFO - Found 0 unread email(s)
2026-02-20 23:33:53,728 - INFO - No new Agentic AI emails
2026-02-20 23:33:53,729 - INFO - Waiting 180 seconds until next check...
2026-02-20 23:36:53,733 - INFO - [2026-02-20 23:36:53] Checking for new emails...
2026-02-20 23:36:53,734 - INFO - Connecting to Gmail IMAP server...
2026-02-20 23:36:54,936 - INFO - [OK] Connected to Gmail successfully!
2026-02-20 23:36:55,439 - INFO - Found 0 unread email(s)
2026-02-20 23:36:55,670 - INFO - No new Agentic AI emails
2026-02-20 23:36:55,670 - INFO - Waiting 180 seconds until next check...
2026-02-20 23:39:55,672 - INFO - [2026-02-20 23:39:55] Checking for new emails...
2026-02-20 23:39:55,673 - INFO - Connecting to Gmail IMAP server...
2026-02-20 23:39:56,650 - INFO - [OK] Connected to Gmail successfully!
2026-02-20 23:39:57,289 - INFO - Found 0 unread email(s)
2026-02-20 23:39:57,601 - INFO - No new Agentic AI emails
2026-02-20 23:39:57,601 - INFO - Waiting 180 seconds until next check...
2026-02-20 23:42:57,602 - INFO - [2026-02-20 23:42:57] Checking for new emails...
2026-02-20 23:42:57,603 - INFO - Connecting to Gmail IMAP server...
2026-02-20 23:42:58,649 - INFO - [OK] Connected to Gmail successfully!
2026-02-20 23:42:59,170 - INFO - Found 0 unread email(s)
2026-02-20 23:42:59,403 - INFO - No new Agentic AI emails
2026-02-20 23:42:59,403 - INFO - Waiting 180 seconds until next check...
