2026-02-20 00:13:20,256 - MasterOrchestrator - INFO - ============================================================
2026-02-20 00:13:20,257 - MasterOrchestrator - INFO - 24/7 Master Orchestrator Started
2026-02-20 00:13:20,258 - MasterOrchestrator - INFO - ============================================================
2026-02-20 00:13:20,259 - MasterOrchestrator - INFO - Gmail check interval: 120 seconds
2026-02-20 00:13:20,259 - MasterOrchestrator - INFO - Approval check interval: 10 seconds
2026-02-20 00:13:20,260 - MasterOrchestrator - INFO - Vault path: C:\Users\Dell\Desktop\New folder (3)\AI_personal_Employee\AI_Employee_Vault
2026-02-20 00:13:20,262 - MasterOrchestrator - INFO - ============================================================
2026-02-20 00:13:20,262 - MasterOrchestrator - INFO - Checking Gmail...
2026-02-20 00:14:20,287 - MasterOrchestrator - ERROR - Error checking Gmail: Command '['C:\\Users\\Dell\\AppData\\Local\\Programs\\Python\\Python313\\python.exe', 'C:\\Users\\Dell\\Desktop\\New folder (3)\\AI_personal_Employee\\Platinum_Tier\\gmail_watcher_imap.py']' timed out after 60 seconds
2026-02-20 00:14:20,289 - MasterOrchestrator - INFO - Found 3 approved file(s)
2026-02-20 00:14:20,290 - MasterOrchestrator - INFO - Processing approved file: EMAIL_REPLY_20260218_192752.md
2026-02-20 00:14:20,291 - MasterOrchestrator - INFO - Executing email action...
2026-02-20 00:14:20,292 - MasterOrchestrator - INFO - Email action completed (simulated)
2026-02-20 00:14:20,295 - MasterOrchestrator - INFO - Completed and moved to Done: EMAIL_REPLY_20260218_192752.md
2026-02-20 00:14:20,296 - MasterOrchestrator - INFO - Processing approved file: LINKEDIN_POST_engagement_20260218_202458.md
2026-02-20 00:14:20,297 - MasterOrchestrator - INFO - Executing LinkedIn action...
2026-02-20 00:19:20,860 - MasterOrchestrator - ERROR - Error executing LINKEDIN_POST_engagement_20260218_202458.md: Command '['C:\\Users\\Dell\\AppData\\Local\\Programs\\Python\\Python313\\python.exe', 'C:\\Users\\Dell\\Desktop\\New folder (3)\\AI_personal_Employee\\Platinum_Tier\\linkedin_automation.py']' timed out after 300 seconds
2026-02-20 00:19:20,862 - MasterOrchestrator - INFO - Processing approved file: TEST_EMAIL_DEMO.md
2026-02-20 00:19:20,863 - MasterOrchestrator - INFO - Executing email action...
2026-02-20 00:19:20,864 - MasterOrchestrator - INFO - Email action completed (simulated)
2026-02-20 00:19:20,865 - MasterOrchestrator - INFO - Completed and moved to Done: TEST_EMAIL_DEMO.md
2026-02-20 00:19:21,866 - MasterOrchestrator - INFO - Checking Gmail...
2026-02-20 00:20:21,880 - MasterOrchestrator - ERROR - Error checking Gmail: Command '['C:\\Users\\Dell\\AppData\\Local\\Programs\\Python\\Python313\\python.exe', 'C:\\Users\\Dell\\Desktop\\New folder (3)\\AI_personal_Employee\\Platinum_Tier\\gmail_watcher_imap.py']' timed out after 60 seconds
2026-02-20 00:20:21,881 - MasterOrchestrator - INFO - Found 1 approved file(s)
2026-02-20 00:20:29,888 - MasterOrchestrator - INFO - Status: 6 pending, 1 approved, 5 done
2026-02-20 00:20:31,890 - MasterOrchestrator - INFO - Found 1 approved file(s)
2026-02-20 00:20:39,897 - MasterOrchestrator - INFO - Status: 6 pending, 1 approved, 5 done
2026-02-20 00:21:59,371 - MasterOrchestrator - INFO - ============================================================
2026-02-20 00:21:59,373 - MasterOrchestrator - INFO - 24/7 Master Orchestrator Started
2026-02-20 00:21:59,374 - MasterOrchestrator - INFO - ============================================================
2026-02-20 00:21:59,377 - MasterOrchestrator - INFO - Gmail check interval: 120 seconds
2026-02-20 00:21:59,378 - MasterOrchestrator - INFO - Approval check interval: 10 seconds
2026-02-20 00:21:59,379 - MasterOrchestrator - INFO - Vault path: C:\Users\Dell\Desktop\New folder (3)\AI_personal_Employee\AI_Employee_Vault
2026-02-20 00:21:59,380 - MasterOrchestrator - INFO - ============================================================
2026-02-20 00:21:59,381 - MasterOrchestrator - INFO - Checking Gmail...
2026-02-20 00:22:59,404 - MasterOrchestrator - ERROR - Error checking Gmail: Command '['C:\\Users\\Dell\\AppData\\Local\\Programs\\Python\\Python313\\python.exe', 'C:\\Users\\Dell\\Desktop\\New folder (3)\\AI_personal_Employee\\Platinum_Tier\\gmail_watcher_imap.py']' timed out after 60 seconds
2026-02-20 00:22:59,406 - MasterOrchestrator - INFO - Found 1 approved file(s)
2026-02-20 00:22:59,406 - MasterOrchestrator - INFO - Processing approved file: LINKEDIN_POST_engagement_20260218_202458.md
2026-02-20 00:22:59,408 - MasterOrchestrator - INFO - Executing LinkedIn action...
2026-02-20 00:28:02,024 - MasterOrchestrator - ERROR - Error executing LINKEDIN_POST_engagement_20260218_202458.md: Command '['C:\\Users\\Dell\\AppData\\Local\\Programs\\Python\\Python313\\python.exe', 'C:\\Users\\Dell\\Desktop\\New folder (3)\\AI_personal_Employee\\Platinum_Tier\\linkedin_automation.py']' timed out after 300 seconds
2026-02-20 00:28:03,027 - MasterOrchestrator - INFO - Checking Gmail...
2026-02-20 00:29:03,053 - MasterOrchestrator - ERROR - Error checking Gmail: Command '['C:\\Users\\Dell\\AppData\\Local\\Programs\\Python\\Python313\\python.exe', 'C:\\Users\\Dell\\Desktop\\New folder (3)\\AI_personal_Employee\\Platinum_Tier\\gmail_watcher_imap.py']' timed out after 60 seconds
2026-02-20 00:29:11,106 - MasterOrchestrator - INFO - Status: 7 pending, 0 approved, 5 done
2026-02-20 00:29:21,116 - MasterOrchestrator - INFO - Status: 7 pending, 0 approved, 5 done
2026-02-20 00:29:31,127 - MasterOrchestrator - INFO - Status: 7 pending, 0 approved, 5 done
2026-02-20 00:29:41,154 - MasterOrchestrator - INFO - Status: 7 pending, 0 approved, 5 done
2026-02-20 00:29:51,236 - MasterOrchestrator - INFO - Status: 7 pending, 0 approved, 5 done
2026-02-20 00:30:01,254 - MasterOrchestrator - INFO - Status: 7 pending, 0 approved, 5 done
2026-02-20 00:30:03,256 - MasterOrchestrator - INFO - Checking Gmail...
2026-02-20 00:32:07,265 - MasterOrchestrator - INFO - ============================================================
2026-02-20 00:32:07,267 - MasterOrchestrator - INFO - 24/7 Master Orchestrator Started
2026-02-20 00:32:07,268 - MasterOrchestrator - INFO - ============================================================
2026-02-20 00:32:07,269 - MasterOrchestrator - INFO - Gmail check interval: 120 seconds
2026-02-20 00:32:07,270 - MasterOrchestrator - INFO - Approval check interval: 10 seconds
2026-02-20 00:32:07,271 - MasterOrchestrator - INFO - Vault path: C:\Users\Dell\Desktop\New folder (3)\AI_personal_Employee\AI_Employee_Vault
2026-02-20 00:32:07,272 - MasterOrchestrator - INFO - ============================================================
2026-02-20 00:32:07,273 - MasterOrchestrator - INFO - Checking Gmail...
2026-02-20 00:32:24,679 - MasterOrchestrator - INFO - ============================================================
2026-02-20 00:32:24,680 - MasterOrchestrator - INFO - 24/7 Master Orchestrator Started
2026-02-20 00:32:24,681 - MasterOrchestrator - INFO - ============================================================
2026-02-20 00:32:24,683 - MasterOrchestrator - INFO - Gmail check interval: 120 seconds
2026-02-20 00:32:24,684 - MasterOrchestrator - INFO - Approval check interval: 10 seconds
2026-02-20 00:32:24,685 - MasterOrchestrator - INFO - Vault path: C:\Users\Dell\Desktop\New folder (3)\AI_personal_Employee\AI_Employee_Vault
2026-02-20 00:32:24,687 - MasterOrchestrator - INFO - ============================================================
2026-02-20 00:32:24,688 - MasterOrchestrator - INFO - Checking Gmail...
2026-02-20 00:33:07,298 - MasterOrchestrator - ERROR - Error checking Gmail: Command '['C:\\Users\\Dell\\AppData\\Local\\Programs\\Python\\Python313\\python.exe', 'C:\\Users\\Dell\\Desktop\\New folder (3)\\AI_personal_Employee\\Platinum_Tier\\gmail_watcher_imap.py']' timed out after 60 seconds
2026-02-20 00:33:16,308 - MasterOrchestrator - INFO - Status: 7 pending, 0 approved, 5 done
2026-02-20 00:33:24,714 - MasterOrchestrator - ERROR - Error checking Gmail: Command '['C:\\Users\\Dell\\AppData\\Local\\Programs\\Python\\Python313\\python.exe', 'C:\\Users\\Dell\\Desktop\\New folder (3)\\AI_personal_Employee\\Platinum_Tier\\gmail_watcher_imap.py']' timed out after 60 seconds
2026-02-20 00:33:26,320 - MasterOrchestrator - INFO - Status: 7 pending, 0 approved, 5 done
2026-02-20 00:33:33,723 - MasterOrchestrator - INFO - Status: 7 pending, 0 approved, 5 done
2026-02-20 00:33:36,330 - MasterOrchestrator - INFO - Status: 7 pending, 0 approved, 5 done
2026-02-20 00:33:43,768 - MasterOrchestrator - INFO - Status: 7 pending, 0 approved, 5 done
2026-02-20 00:33:46,339 - MasterOrchestrator - INFO - Status: 7 pending, 0 approved, 5 done
2026-02-20 00:33:53,778 - MasterOrchestrator - INFO - Status: 7 pending, 0 approved, 5 done
2026-02-20 00:33:56,382 - MasterOrchestrator - INFO - Status: 7 pending, 0 approved, 5 done
2026-02-20 00:34:03,786 - MasterOrchestrator - INFO - Status: 7 pending, 0 approved, 5 done
2026-02-20 00:34:06,391 - MasterOrchestrator - INFO - Status: 7 pending, 0 approved, 5 done
2026-02-20 00:34:07,393 - MasterOrchestrator - INFO - Checking Gmail...
2026-02-20 00:34:13,793 - MasterOrchestrator - INFO - Status: 7 pending, 0 approved, 5 done
2026-02-20 00:34:23,801 - MasterOrchestrator - INFO - Status: 7 pending, 0 approved, 5 done
2026-02-20 00:34:24,802 - MasterOrchestrator - INFO - Checking Gmail...
2026-02-20 00:35:07,406 - MasterOrchestrator - ERROR - Error checking Gmail: Command '['C:\\Users\\Dell\\AppData\\Local\\Programs\\Python\\Python313\\python.exe', 'C:\\Users\\Dell\\Desktop\\New folder (3)\\AI_personal_Employee\\Platinum_Tier\\gmail_watcher_imap.py']' timed out after 60 seconds
2026-02-20 00:35:16,414 - MasterOrchestrator - INFO - Status: 7 pending, 0 approved, 5 done
2026-02-20 00:35:24,917 - MasterOrchestrator - ERROR - Error checking Gmail: Command '['C:\\Users\\Dell\\AppData\\Local\\Programs\\Python\\Python313\\python.exe', 'C:\\Users\\Dell\\Desktop\\New folder (3)\\AI_personal_Employee\\Platinum_Tier\\gmail_watcher_imap.py']' timed out after 60 seconds
2026-02-20 00:35:26,622 - MasterOrchestrator - INFO - Status: 7 pending, 0 approved, 5 done
2026-02-20 00:35:34,011 - MasterOrchestrator - INFO - Status: 7 pending, 0 approved, 5 done
2026-02-20 00:35:36,635 - MasterOrchestrator - INFO - Status: 7 pending, 0 approved, 5 done
2026-02-20 00:35:44,025 - MasterOrchestrator - INFO - Status: 7 pending, 0 approved, 5 done
2026-02-20 00:35:46,643 - MasterOrchestrator - INFO - Status: 7 pending, 0 approved, 5 done
2026-02-20 00:35:54,049 - MasterOrchestrator - INFO - Status: 7 pending, 0 approved, 5 done
2026-02-20 00:35:56,650 - MasterOrchestrator - INFO - Status: 7 pending, 0 approved, 5 done
2026-02-20 00:36:04,057 - MasterOrchestrator - INFO - Status: 7 pending, 0 approved, 5 done
2026-02-20 00:36:06,659 - MasterOrchestrator - INFO - Status: 7 pending, 0 approved, 5 done
2026-02-20 00:36:07,660 - MasterOrchestrator - INFO - Checking Gmail...
2026-02-20 00:36:14,063 - MasterOrchestrator - INFO - Status: 7 pending, 0 approved, 5 done
2026-02-20 00:36:24,073 - MasterOrchestrator - INFO - Status: 7 pending, 0 approved, 5 done
2026-02-20 00:36:25,073 - MasterOrchestrator - INFO - Checking Gmail...
2026-02-20 00:37:07,672 - MasterOrchestrator - ERROR - Error checking Gmail: Command '['C:\\Users\\Dell\\AppData\\Local\\Programs\\Python\\Python313\\python.exe', 'C:\\Users\\Dell\\Desktop\\New folder (3)\\AI_personal_Employee\\Platinum_Tier\\gmail_watcher_imap.py']' timed out after 60 seconds
2026-02-20 00:37:07,674 - MasterOrchestrator - INFO - Found 1 approved file(s)
2026-02-20 00:37:07,675 - MasterOrchestrator - INFO - Processing approved file: LINKEDIN_POST_engagement_20260218_192015.md
2026-02-20 00:37:07,676 - MasterOrchestrator - INFO - Executing LinkedIn action...
2026-02-20 00:37:25,138 - MasterOrchestrator - ERROR - Error checking Gmail: Command '['C:\\Users\\Dell\\AppData\\Local\\Programs\\Python\\Python313\\python.exe', 'C:\\Users\\Dell\\Desktop\\New folder (3)\\AI_personal_Employee\\Platinum_Tier\\gmail_watcher_imap.py']' timed out after 60 seconds
2026-02-20 00:37:25,140 - MasterOrchestrator - INFO - Found 1 approved file(s)
2026-02-20 00:37:25,142 - MasterOrchestrator - INFO - Processing approved file: LINKEDIN_POST_engagement_20260218_192015.md
2026-02-20 00:37:25,144 - MasterOrchestrator - INFO - Executing LinkedIn action...
2026-02-20 00:37:27,904 - MasterOrchestrator - ERROR - LinkedIn action failed: Traceback (most recent call last):
  File "C:\Users\Dell\Desktop\New folder (3)\AI_personal_Employee\linkedin_post_simple.py", line 179, in <module>
    asyncio.run(main())
    ~~~~~~~~~~~^^^^^^^^
  File "C:\Users\Dell\AppData\Local\Programs\Python\Python313\Lib\asyncio\runners.py", line 195, in run
    return runner.run(main)
           ~~~~~~~~~~^^^^^^
  File "C:\Users\Dell\AppData\Local\Programs\Python\Python313\Lib\asyncio\runners.py", line 118, in run
    return self._loop.run_until_complete(task)
           ~~~~~~~~~~~~~~~~~~~~~~~~~~~~~^^^^^^
  File "C:\Users\Dell\AppData\Local\Programs\Python\Python313\Lib\asyncio\base_events.py", line 725, in run_until_complete
    return future.result()
           ~~~~~~~~~~~~~^^
  File "C:\Users\Dell\Desktop\New folder (3)\AI_personal_Employee\linkedin_post_simple.py", line 166, in main
    print(f"[INFO] Content preview: {content[:100]}...")
    ~~~~~^^^^^^^^^^^^^^^^^^^^^^^^^^^^^^^^^^^^^^^^^^^^^^^
  File "C:\Users\Dell\AppData\Local\Programs\Python\Python313\Lib\encodings\cp1252.py", line 19, in encode
    return codecs.charmap_encode(input,self.errors,encoding_table)[0]
           ~~~~~~~~~~~~~~~~~~~~~^^^^^^^^^^^^^^^^^^^^^^^^^^^^^^^^^^
UnicodeEncodeError: 'charmap' codec can't encode character '\U0001f4ac' in position 24: character maps to <undefined>

2026-02-20 00:37:27,913 - MasterOrchestrator - INFO - Completed and moved to Done: LINKEDIN_POST_engagement_20260218_192015.md
2026-02-20 00:37:37,137 - MasterOrchestrator - INFO - Status: 6 pending, 0 approved, 6 done
2026-02-20 00:37:43,183 - MasterOrchestrator - INFO - LinkedIn action completed successfully
2026-02-20 00:37:43,185 - MasterOrchestrator - ERROR - Error executing LINKEDIN_POST_engagement_20260218_192015.md: [WinError 2] The system cannot find the file specified: 'C:\\Users\\Dell\\Desktop\\New folder (3)\\AI_personal_Employee\\AI_Employee_Vault\\Approved\\LINKEDIN_POST_engagement_20260218_192015.md' -> 'C:\\Users\\Dell\\Desktop\\New folder (3)\\AI_personal_Employee\\AI_Employee_Vault\\Done\\LINKEDIN_POST_engagement_20260218_192015.md'
2026-02-20 00:37:47,215 - MasterOrchestrator - INFO - Status: 6 pending, 0 approved, 6 done
2026-02-20 00:37:52,197 - MasterOrchestrator - INFO - Status: 6 pending, 0 approved, 6 done
2026-02-20 00:37:57,225 - MasterOrchestrator - INFO - Status: 6 pending, 0 approved, 6 done
2026-02-20 00:38:02,210 - MasterOrchestrator - INFO - Status: 6 pending, 0 approved, 6 done
2026-02-20 00:38:07,237 - MasterOrchestrator - INFO - Status: 6 pending, 0 approved, 6 done
2026-02-20 00:38:08,214 - MasterOrchestrator - INFO - Checking Gmail...
2026-02-20 00:38:17,263 - MasterOrchestrator - INFO - Status: 6 pending, 0 approved, 6 done
2026-02-20 00:38:25,268 - MasterOrchestrator - INFO - Checking Gmail...
2026-02-20 00:39:08,239 - MasterOrchestrator - ERROR - Error checking Gmail: Command '['C:\\Users\\Dell\\AppData\\Local\\Programs\\Python\\Python313\\python.exe', 'C:\\Users\\Dell\\Desktop\\New folder (3)\\AI_personal_Employee\\Platinum_Tier\\gmail_watcher_imap.py']' timed out after 60 seconds
2026-02-20 00:39:12,256 - MasterOrchestrator - INFO - Status: 6 pending, 0 approved, 6 done
2026-02-20 00:39:22,267 - MasterOrchestrator - INFO - Status: 6 pending, 0 approved, 6 done
2026-02-20 00:39:25,284 - MasterOrchestrator - ERROR - Error checking Gmail: Command '['C:\\Users\\Dell\\AppData\\Local\\Programs\\Python\\Python313\\python.exe', 'C:\\Users\\Dell\\Desktop\\New folder (3)\\AI_personal_Employee\\Platinum_Tier\\gmail_watcher_imap.py']' timed out after 60 seconds
2026-02-20 00:39:27,289 - MasterOrchestrator - INFO - Status: 6 pending, 0 approved, 6 done
2026-02-20 00:39:32,274 - MasterOrchestrator - INFO - Status: 6 pending, 0 approved, 6 done
2026-02-20 00:39:37,296 - MasterOrchestrator - INFO - Status: 6 pending, 0 approved, 6 done
2026-02-20 00:39:42,292 - MasterOrchestrator - INFO - Status: 6 pending, 0 approved, 6 done
2026-02-20 00:39:47,354 - MasterOrchestrator - INFO - Status: 6 pending, 0 approved, 6 done
2026-02-20 00:39:52,355 - MasterOrchestrator - INFO - Status: 6 pending, 0 approved, 6 done
2026-02-20 00:39:57,364 - MasterOrchestrator - INFO - Status: 6 pending, 0 approved, 6 done
2026-02-20 00:40:02,364 - MasterOrchestrator - INFO - Status: 6 pending, 0 approved, 6 done
2026-02-20 00:40:07,387 - MasterOrchestrator - INFO - Status: 6 pending, 0 approved, 6 done
2026-02-20 00:40:08,371 - MasterOrchestrator - INFO - Checking Gmail...
2026-02-20 00:40:17,399 - MasterOrchestrator - INFO - Status: 6 pending, 0 approved, 6 done
2026-02-20 00:40:25,402 - MasterOrchestrator - INFO - Checking Gmail...
2026-02-20 00:41:08,386 - MasterOrchestrator - ERROR - Error checking Gmail: Command '['C:\\Users\\Dell\\AppData\\Local\\Programs\\Python\\Python313\\python.exe', 'C:\\Users\\Dell\\Desktop\\New folder (3)\\AI_personal_Employee\\Platinum_Tier\\gmail_watcher_imap.py']' timed out after 60 seconds
2026-02-20 00:41:12,396 - MasterOrchestrator - INFO - Status: 6 pending, 0 approved, 6 done
2026-02-20 00:41:22,406 - MasterOrchestrator - INFO - Status: 6 pending, 0 approved, 6 done
2026-02-20 00:41:28,410 - MasterOrchestrator - INFO - Found 1 approved file(s)
2026-02-20 00:41:32,551 - MasterOrchestrator - INFO - Status: 6 pending, 1 approved, 5 done
2026-02-20 00:41:38,655 - MasterOrchestrator - INFO - Found 1 approved file(s)
2026-02-20 00:41:42,667 - MasterOrchestrator - INFO - Status: 6 pending, 1 approved, 5 done
2026-02-20 00:41:48,846 - MasterOrchestrator - INFO - Found 1 approved file(s)
2026-02-20 00:41:52,875 - MasterOrchestrator - INFO - Status: 6 pending, 1 approved, 5 done
2026-02-20 00:41:58,882 - MasterOrchestrator - INFO - Found 1 approved file(s)
2026-02-20 00:42:02,888 - MasterOrchestrator - INFO - Status: 6 pending, 1 approved, 5 done
2026-02-20 00:42:08,898 - MasterOrchestrator - INFO - Checking Gmail...
2026-02-20 00:42:53,030 - MasterOrchestrator - INFO - ============================================================
2026-02-20 00:42:53,032 - MasterOrchestrator - INFO - 24/7 Master Orchestrator Started
2026-02-20 00:42:53,033 - MasterOrchestrator - INFO - ============================================================
2026-02-20 00:42:53,034 - MasterOrchestrator - INFO - Gmail check interval: 120 seconds
2026-02-20 00:42:53,035 - MasterOrchestrator - INFO - Approval check interval: 10 seconds
2026-02-20 00:42:53,036 - MasterOrchestrator - INFO - Vault path: C:\Users\Dell\Desktop\New folder (3)\AI_personal_Employee\AI_Employee_Vault
2026-02-20 00:42:53,037 - MasterOrchestrator - INFO - ============================================================
2026-02-20 00:42:53,038 - MasterOrchestrator - INFO - Checking Gmail...
2026-02-20 00:43:08,918 - MasterOrchestrator - ERROR - Error checking Gmail: Command '['C:\\Users\\Dell\\AppData\\Local\\Programs\\Python\\Python313\\python.exe', 'C:\\Users\\Dell\\Desktop\\New folder (3)\\AI_personal_Employee\\Platinum_Tier\\gmail_watcher_imap.py']' timed out after 60 seconds
2026-02-20 00:43:12,934 - MasterOrchestrator - INFO - Status: 6 pending, 0 approved, 6 done
2026-02-20 00:43:22,944 - MasterOrchestrator - INFO - Status: 6 pending, 0 approved, 6 done
2026-02-20 00:43:32,957 - MasterOrchestrator - INFO - Status: 6 pending, 0 approved, 6 done
2026-02-20 00:43:42,965 - MasterOrchestrator - INFO - Status: 6 pending, 0 approved, 6 done
2026-02-20 00:43:52,973 - MasterOrchestrator - INFO - Status: 6 pending, 0 approved, 6 done
2026-02-20 00:43:53,065 - MasterOrchestrator - ERROR - Error checking Gmail: Command '['C:\\Users\\Dell\\AppData\\Local\\Programs\\Python\\Python313\\python.exe', 'C:\\Users\\Dell\\Desktop\\New folder (3)\\AI_personal_Employee\\Platinum_Tier\\gmail_watcher_imap.py']' timed out after 60 seconds
2026-02-20 00:44:02,079 - MasterOrchestrator - INFO - Status: 6 pending, 0 approved, 6 done
2026-02-20 00:44:02,986 - MasterOrchestrator - INFO - Status: 6 pending, 0 approved, 6 done
2026-02-20 00:44:08,991 - MasterOrchestrator - INFO - Checking Gmail...
2026-02-20 00:44:12,087 - MasterOrchestrator - INFO - Status: 6 pending, 0 approved, 6 done
2026-02-20 00:44:22,094 - MasterOrchestrator - INFO - Status: 6 pending, 0 approved, 6 done
2026-02-20 00:44:32,102 - MasterOrchestrator - INFO - Status: 6 pending, 0 approved, 6 done
2026-02-20 00:44:42,110 - MasterOrchestrator - INFO - Status: 6 pending, 0 approved, 6 done
2026-02-20 00:44:52,119 - MasterOrchestrator - INFO - Status: 6 pending, 0 approved, 6 done
2026-02-20 00:44:53,120 - MasterOrchestrator - INFO - Checking Gmail...
2026-02-20 00:45:09,010 - MasterOrchestrator - ERROR - Error checking Gmail: Command '['C:\\Users\\Dell\\AppData\\Local\\Programs\\Python\\Python313\\python.exe', 'C:\\Users\\Dell\\Desktop\\New folder (3)\\AI_personal_Employee\\Platinum_Tier\\gmail_watcher_imap.py']' timed out after 60 seconds
2026-02-20 00:45:13,016 - MasterOrchestrator - INFO - Status: 6 pending, 0 approved, 6 done
2026-02-20 00:45:23,024 - MasterOrchestrator - INFO - Status: 6 pending, 0 approved, 6 done
2026-02-20 00:45:33,032 - MasterOrchestrator - INFO - Status: 6 pending, 0 approved, 6 done
2026-02-20 00:45:43,041 - MasterOrchestrator - INFO - Status: 6 pending, 0 approved, 6 done
2026-02-20 00:45:53,050 - MasterOrchestrator - INFO - Status: 6 pending, 0 approved, 6 done
2026-02-20 00:45:53,131 - MasterOrchestrator - ERROR - Error checking Gmail: Command '['C:\\Users\\Dell\\AppData\\Local\\Programs\\Python\\Python313\\python.exe', 'C:\\Users\\Dell\\Desktop\\New folder (3)\\AI_personal_Employee\\Platinum_Tier\\gmail_watcher_imap.py']' timed out after 60 seconds
2026-02-20 00:46:02,151 - MasterOrchestrator - INFO - Status: 6 pending, 1 approved, 5 done
2026-02-20 00:46:03,074 - MasterOrchestrator - INFO - Status: 6 pending, 1 approved, 5 done
2026-02-20 00:46:03,163 - MasterOrchestrator - INFO - Found 1 approved file(s)
2026-02-20 00:46:03,164 - MasterOrchestrator - INFO - Processing approved file: LINKEDIN_POST_engagement_20260218_192015.md
2026-02-20 00:46:03,166 - MasterOrchestrator - INFO - Executing LinkedIn action...
2026-02-20 00:46:04,145 - MasterOrchestrator - ERROR - LinkedIn action failed: 
2026-02-20 00:46:04,146 - MasterOrchestrator - ERROR - Action failed, keeping in Approved: LINKEDIN_POST_engagement_20260218_192015.md
2026-02-20 00:46:09,093 - MasterOrchestrator - INFO - Checking Gmail...
2026-02-20 00:46:13,196 - MasterOrchestrator - INFO - Found 1 approved file(s)
2026-02-20 00:46:13,203 - MasterOrchestrator - INFO - Status: 6 pending, 1 approved, 5 done
2026-02-20 00:46:23,221 - MasterOrchestrator - INFO - Found 1 approved file(s)
2026-02-20 00:46:23,227 - MasterOrchestrator - INFO - Status: 6 pending, 1 approved, 5 done
2026-02-20 00:46:33,236 - MasterOrchestrator - INFO - Found 1 approved file(s)
2026-02-20 00:46:33,241 - MasterOrchestrator - INFO - Status: 6 pending, 1 approved, 5 done
2026-02-20 00:46:43,288 - MasterOrchestrator - INFO - Found 1 approved file(s)
2026-02-20 00:46:43,292 - MasterOrchestrator - INFO - Status: 6 pending, 1 approved, 5 done
2026-02-20 00:46:53,302 - MasterOrchestrator - INFO - Checking Gmail...
2026-02-20 00:47:09,142 - MasterOrchestrator - ERROR - Error checking Gmail: Command '['C:\\Users\\Dell\\AppData\\Local\\Programs\\Python\\Python313\\python.exe', 'C:\\Users\\Dell\\Desktop\\New folder (3)\\AI_personal_Employee\\Platinum_Tier\\gmail_watcher_imap.py']' timed out after 60 seconds
2026-02-20 00:47:09,144 - MasterOrchestrator - INFO - Found 1 approved file(s)
2026-02-20 00:47:13,151 - MasterOrchestrator - INFO - Status: 6 pending, 1 approved, 5 done
2026-02-20 00:47:19,154 - MasterOrchestrator - INFO - Found 1 approved file(s)
2026-02-20 00:47:23,159 - MasterOrchestrator - INFO - Status: 6 pending, 1 approved, 5 done
2026-02-20 00:47:29,165 - MasterOrchestrator - INFO - Found 1 approved file(s)
2026-02-20 00:47:33,172 - MasterOrchestrator - INFO - Status: 6 pending, 1 approved, 5 done
2026-02-20 00:47:39,177 - MasterOrchestrator - INFO - Found 1 approved file(s)
2026-02-20 00:47:43,196 - MasterOrchestrator - INFO - Status: 6 pending, 1 approved, 5 done
2026-02-20 00:47:49,210 - MasterOrchestrator - INFO - Found 1 approved file(s)
2026-02-20 00:47:53,216 - MasterOrchestrator - INFO - Status: 6 pending, 1 approved, 5 done
2026-02-20 00:47:53,322 - MasterOrchestrator - ERROR - Error checking Gmail: Command '['C:\\Users\\Dell\\AppData\\Local\\Programs\\Python\\Python313\\python.exe', 'C:\\Users\\Dell\\Desktop\\New folder (3)\\AI_personal_Employee\\Platinum_Tier\\gmail_watcher_imap.py']' timed out after 60 seconds
2026-02-20 00:47:53,323 - MasterOrchestrator - INFO - Found 1 approved file(s)
2026-02-20 00:47:53,326 - MasterOrchestrator - INFO - Status: 6 pending, 1 approved, 5 done
2026-02-20 00:47:59,221 - MasterOrchestrator - INFO - Found 1 approved file(s)
2026-02-20 00:48:03,226 - MasterOrchestrator - INFO - Status: 6 pending, 1 approved, 5 done
2026-02-20 00:48:03,331 - MasterOrchestrator - INFO - Found 1 approved file(s)
2026-02-20 00:48:03,336 - MasterOrchestrator - INFO - Status: 6 pending, 1 approved, 5 done
2026-02-20 00:48:09,232 - MasterOrchestrator - INFO - Checking Gmail...
2026-02-20 00:48:13,344 - MasterOrchestrator - INFO - Found 1 approved file(s)
2026-02-20 00:48:13,347 - MasterOrchestrator - INFO - Status: 6 pending, 1 approved, 5 done
2026-02-20 00:48:23,354 - MasterOrchestrator - INFO - Found 1 approved file(s)
2026-02-20 00:48:23,358 - MasterOrchestrator - INFO - Status: 6 pending, 1 approved, 5 done
2026-02-20 00:48:33,370 - MasterOrchestrator - INFO - Found 1 approved file(s)
2026-02-20 00:48:33,375 - MasterOrchestrator - INFO - Status: 6 pending, 1 approved, 5 done
2026-02-20 00:48:43,380 - MasterOrchestrator - INFO - Found 1 approved file(s)
2026-02-20 00:48:43,383 - MasterOrchestrator - INFO - Status: 6 pending, 1 approved, 5 done
2026-02-20 00:48:53,387 - MasterOrchestrator - INFO - Checking Gmail...
2026-02-20 00:49:09,255 - MasterOrchestrator - ERROR - Error checking Gmail: Command '['C:\\Users\\Dell\\AppData\\Local\\Programs\\Python\\Python313\\python.exe', 'C:\\Users\\Dell\\Desktop\\New folder (3)\\AI_personal_Employee\\Platinum_Tier\\gmail_watcher_imap.py']' timed out after 60 seconds
2026-02-20 00:49:09,257 - MasterOrchestrator - INFO - Found 1 approved file(s)
2026-02-20 00:49:13,262 - MasterOrchestrator - INFO - Status: 6 pending, 1 approved, 5 done
2026-02-20 00:49:19,266 - MasterOrchestrator - INFO - Found 1 approved file(s)
2026-02-20 00:49:23,285 - MasterOrchestrator - INFO - Status: 6 pending, 1 approved, 5 done
2026-02-20 00:49:29,336 - MasterOrchestrator - INFO - Found 1 approved file(s)
2026-02-20 00:49:33,342 - MasterOrchestrator - INFO - Status: 6 pending, 1 approved, 5 done
2026-02-20 00:49:39,349 - MasterOrchestrator - INFO - Found 1 approved file(s)
2026-02-20 00:49:43,365 - MasterOrchestrator - INFO - Status: 6 pending, 1 approved, 5 done
2026-02-20 00:49:49,381 - MasterOrchestrator - INFO - Found 1 approved file(s)
2026-02-20 00:49:53,388 - MasterOrchestrator - INFO - Status: 6 pending, 1 approved, 5 done
2026-02-20 00:49:53,400 - MasterOrchestrator - ERROR - Error checking Gmail: Command '['C:\\Users\\Dell\\AppData\\Local\\Programs\\Python\\Python313\\python.exe', 'C:\\Users\\Dell\\Desktop\\New folder (3)\\AI_personal_Employee\\Platinum_Tier\\gmail_watcher_imap.py']' timed out after 60 seconds
2026-02-20 00:49:53,402 - MasterOrchestrator - INFO - Found 1 approved file(s)
2026-02-20 00:49:53,405 - MasterOrchestrator - INFO - Status: 6 pending, 1 approved, 5 done
2026-02-20 00:49:59,726 - MasterOrchestrator - INFO - Found 1 approved file(s)
2026-02-20 00:50:03,949 - MasterOrchestrator - INFO - Found 1 approved file(s)
2026-02-20 00:50:04,507 - MasterOrchestrator - INFO - Status: 6 pending, 1 approved, 5 done
2026-02-20 00:50:04,508 - MasterOrchestrator - INFO - Status: 6 pending, 1 approved, 5 done
2026-02-20 00:50:09,702 - MasterOrchestrator - INFO - Checking Gmail...
2026-02-20 00:50:14,752 - MasterOrchestrator - INFO - Found 1 approved file(s)
2026-02-20 00:50:14,755 - MasterOrchestrator - INFO - Status: 6 pending, 1 approved, 5 done
2026-02-20 00:50:24,812 - MasterOrchestrator - INFO - Found 1 approved file(s)
2026-02-20 00:50:24,817 - MasterOrchestrator - INFO - Status: 6 pending, 1 approved, 5 done
2026-02-20 00:50:34,823 - MasterOrchestrator - INFO - Found 1 approved file(s)
2026-02-20 00:50:34,826 - MasterOrchestrator - INFO - Status: 6 pending, 1 approved, 5 done
2026-02-20 00:50:44,859 - MasterOrchestrator - INFO - Found 1 approved file(s)
2026-02-20 00:50:44,862 - MasterOrchestrator - INFO - Status: 6 pending, 1 approved, 5 done
2026-02-20 00:51:09,783 - MasterOrchestrator - ERROR - Error checking Gmail: Command '['C:\\Users\\Dell\\AppData\\Local\\Programs\\Python\\Python313\\python.exe', 'C:\\Users\\Dell\\Desktop\\New folder (3)\\AI_personal_Employee\\Platinum_Tier\\gmail_watcher_imap.py']' timed out after 60 seconds
2026-02-20 00:51:09,785 - MasterOrchestrator - INFO - Found 1 approved file(s)
2026-02-20 00:51:14,895 - MasterOrchestrator - INFO - Status: 6 pending, 1 approved, 5 done
2026-02-20 00:51:19,898 - MasterOrchestrator - INFO - Found 1 approved file(s)
2026-02-20 00:51:24,932 - MasterOrchestrator - INFO - Status: 6 pending, 1 approved, 5 done
2026-02-20 00:51:29,937 - MasterOrchestrator - INFO - Found 1 approved file(s)
2026-02-20 00:51:34,943 - MasterOrchestrator - INFO - Status: 6 pending, 1 approved, 5 done
2026-02-20 00:51:39,945 - MasterOrchestrator - INFO - Found 1 approved file(s)
2026-02-20 00:51:44,967 - MasterOrchestrator - INFO - Status: 6 pending, 1 approved, 5 done
2026-02-20 00:51:49,984 - MasterOrchestrator - INFO - Found 1 approved file(s)
2026-02-20 00:51:54,992 - MasterOrchestrator - INFO - Status: 6 pending, 1 approved, 5 done
2026-02-20 00:52:00,045 - MasterOrchestrator - INFO - Found 1 approved file(s)
2026-02-20 00:52:01,221 - MasterOrchestrator - INFO - ============================================================
2026-02-20 00:52:01,222 - MasterOrchestrator - INFO - 24/7 Master Orchestrator Started
2026-02-20 00:52:01,223 - MasterOrchestrator - INFO - ============================================================
2026-02-20 00:52:01,224 - MasterOrchestrator - INFO - Gmail check interval: 120 seconds
2026-02-20 00:52:01,225 - MasterOrchestrator - INFO - Approval check interval: 10 seconds
2026-02-20 00:52:01,226 - MasterOrchestrator - INFO - Vault path: C:\Users\Dell\Desktop\New folder (3)\AI_personal_Employee\AI_Employee_Vault
2026-02-20 00:52:01,228 - MasterOrchestrator - INFO - ============================================================
2026-02-20 00:52:01,229 - MasterOrchestrator - INFO - Checking Gmail...
2026-02-20 00:52:05,098 - MasterOrchestrator - INFO - Status: 6 pending, 1 approved, 5 done
2026-02-20 00:52:10,198 - MasterOrchestrator - INFO - Checking Gmail...
2026-02-20 00:53:01,259 - MasterOrchestrator - ERROR - Error checking Gmail: Command '['C:\\Users\\Dell\\AppData\\Local\\Programs\\Python\\Python313\\python.exe', 'C:\\Users\\Dell\\Desktop\\New folder (3)\\AI_personal_Employee\\Platinum_Tier\\gmail_watcher_imap.py']' timed out after 60 seconds
2026-02-20 00:53:01,261 - MasterOrchestrator - INFO - Found 1 approved file(s)
2026-02-20 00:53:01,262 - MasterOrchestrator - INFO - Processing approved file: LINKEDIN_POST_engagement_20260218_192015.md
2026-02-20 00:53:01,263 - MasterOrchestrator - INFO - Executing LinkedIn action...
2026-02-20 00:53:10,224 - MasterOrchestrator - ERROR - Error checking Gmail: Command '['C:\\Users\\Dell\\AppData\\Local\\Programs\\Python\\Python313\\python.exe', 'C:\\Users\\Dell\\Desktop\\New folder (3)\\AI_personal_Employee\\Platinum_Tier\\gmail_watcher_imap.py']' timed out after 60 seconds
2026-02-20 00:53:10,226 - MasterOrchestrator - INFO - Found 1 approved file(s)
2026-02-20 00:53:15,338 - MasterOrchestrator - INFO - Status: 6 pending, 1 approved, 5 done
2026-02-20 00:53:20,353 - MasterOrchestrator - INFO - Found 1 approved file(s)
2026-02-20 00:53:25,390 - MasterOrchestrator - INFO - Status: 6 pending, 1 approved, 5 done
2026-02-20 00:53:28,346 - MasterOrchestrator - INFO - LinkedIn action completed successfully
2026-02-20 00:53:28,349 - MasterOrchestrator - INFO - Completed and moved to Done: LINKEDIN_POST_engagement_20260218_192015.md
2026-02-20 00:53:35,440 - MasterOrchestrator - INFO - Status: 6 pending, 0 approved, 6 done
2026-02-20 00:53:37,360 - MasterOrchestrator - INFO - Status: 6 pending, 0 approved, 6 done
2026-02-20 00:53:45,460 - MasterOrchestrator - INFO - Status: 6 pending, 0 approved, 6 done
2026-02-20 00:53:47,396 - MasterOrchestrator - INFO - Status: 6 pending, 0 approved, 6 done
2026-02-20 00:53:55,512 - MasterOrchestrator - INFO - Status: 6 pending, 0 approved, 6 done
2026-02-20 00:53:57,502 - MasterOrchestrator - INFO - Status: 6 pending, 0 approved, 6 done
2026-02-20 00:54:01,557 - MasterOrchestrator - INFO - Checking Gmail...
2026-02-20 00:54:05,566 - MasterOrchestrator - INFO - Status: 6 pending, 0 approved, 6 done
2026-02-20 00:54:10,573 - MasterOrchestrator - INFO - Checking Gmail...
2026-02-20 00:55:01,568 - MasterOrchestrator - ERROR - Error checking Gmail: Command '['C:\\Users\\Dell\\AppData\\Local\\Programs\\Python\\Python313\\python.exe', 'C:\\Users\\Dell\\Desktop\\New folder (3)\\AI_personal_Employee\\Platinum_Tier\\gmail_watcher_imap.py']' timed out after 60 seconds
2026-02-20 00:55:07,573 - MasterOrchestrator - INFO - Status: 6 pending, 0 approved, 6 done
2026-02-20 00:55:10,600 - MasterOrchestrator - ERROR - Error checking Gmail: Command '['C:\\Users\\Dell\\AppData\\Local\\Programs\\Python\\Python313\\python.exe', 'C:\\Users\\Dell\\Desktop\\New folder (3)\\AI_personal_Employee\\Platinum_Tier\\gmail_watcher_imap.py']' timed out after 60 seconds
2026-02-20 00:55:15,633 - MasterOrchestrator - INFO - Status: 6 pending, 0 approved, 6 done
2026-02-20 00:55:17,598 - MasterOrchestrator - INFO - Status: 6 pending, 0 approved, 6 done
2026-02-20 00:55:25,643 - MasterOrchestrator - INFO - Status: 6 pending, 0 approved, 6 done
2026-02-20 00:55:27,630 - MasterOrchestrator - INFO - Status: 6 pending, 0 approved, 6 done
2026-02-20 00:55:35,670 - MasterOrchestrator - INFO - Status: 6 pending, 0 approved, 6 done
2026-02-20 00:55:37,646 - MasterOrchestrator - INFO - Status: 6 pending, 0 approved, 6 done
2026-02-20 00:55:45,686 - MasterOrchestrator - INFO - Status: 6 pending, 0 approved, 6 done
2026-02-20 00:55:47,655 - MasterOrchestrator - INFO - Status: 6 pending, 0 approved, 6 done
2026-02-20 00:55:55,722 - MasterOrchestrator - INFO - Status: 6 pending, 0 approved, 6 done
2026-02-20 00:55:57,673 - MasterOrchestrator - INFO - Status: 6 pending, 0 approved, 6 done
2026-02-20 00:56:01,900 - MasterOrchestrator - INFO - Checking Gmail...
2026-02-20 00:56:06,043 - MasterOrchestrator - INFO - Status: 6 pending, 0 approved, 6 done
2026-02-20 00:56:11,623 - MasterOrchestrator - INFO - Checking Gmail...
2026-02-20 00:57:01,950 - MasterOrchestrator - ERROR - Error checking Gmail: Command '['C:\\Users\\Dell\\AppData\\Local\\Programs\\Python\\Python313\\python.exe', 'C:\\Users\\Dell\\Desktop\\New folder (3)\\AI_personal_Employee\\Platinum_Tier\\gmail_watcher_imap.py']' timed out after 60 seconds
2026-02-20 00:57:08,270 - MasterOrchestrator - INFO - Status: 6 pending, 0 approved, 6 done
2026-02-20 00:57:11,956 - MasterOrchestrator - ERROR - Error checking Gmail: Command '['C:\\Users\\Dell\\AppData\\Local\\Programs\\Python\\Python313\\python.exe', 'C:\\Users\\Dell\\Desktop\\New folder (3)\\AI_personal_Employee\\Platinum_Tier\\gmail_watcher_imap.py']' timed out after 60 seconds
2026-02-20 00:57:17,065 - MasterOrchestrator - INFO - Status: 6 pending, 0 approved, 6 done
2026-02-20 00:57:18,711 - MasterOrchestrator - INFO - Status: 6 pending, 0 approved, 6 done
2026-02-20 00:57:27,198 - MasterOrchestrator - INFO - Status: 6 pending, 0 approved, 6 done
2026-02-20 00:57:28,772 - MasterOrchestrator - INFO - Status: 6 pending, 0 approved, 6 done
2026-02-20 00:57:37,228 - MasterOrchestrator - INFO - Status: 6 pending, 0 approved, 6 done
2026-02-20 00:57:38,784 - MasterOrchestrator - INFO - Status: 6 pending, 0 approved, 6 done
2026-02-20 00:57:47,268 - MasterOrchestrator - INFO - Status: 6 pending, 0 approved, 6 done
2026-02-20 00:57:48,842 - MasterOrchestrator - INFO - Status: 6 pending, 0 approved, 6 done
2026-02-20 00:57:57,372 - MasterOrchestrator - INFO - Status: 6 pending, 0 approved, 6 done
2026-02-20 00:57:59,229 - MasterOrchestrator - INFO - Status: 6 pending, 0 approved, 6 done
2026-02-20 00:58:02,231 - MasterOrchestrator - INFO - Checking Gmail...
2026-02-20 00:58:07,413 - MasterOrchestrator - INFO - Status: 6 pending, 0 approved, 6 done
2026-02-20 00:58:12,416 - MasterOrchestrator - INFO - Checking Gmail...
2026-02-20 00:59:02,246 - MasterOrchestrator - ERROR - Error checking Gmail: Command '['C:\\Users\\Dell\\AppData\\Local\\Programs\\Python\\Python313\\python.exe', 'C:\\Users\\Dell\\Desktop\\New folder (3)\\AI_personal_Employee\\Platinum_Tier\\gmail_watcher_imap.py']' timed out after 60 seconds
2026-02-20 00:59:09,254 - MasterOrchestrator - INFO - Status: 6 pending, 0 approved, 6 done
2026-02-20 00:59:12,430 - MasterOrchestrator - ERROR - Error checking Gmail: Command '['C:\\Users\\Dell\\AppData\\Local\\Programs\\Python\\Python313\\python.exe', 'C:\\Users\\Dell\\Desktop\\New folder (3)\\AI_personal_Employee\\Platinum_Tier\\gmail_watcher_imap.py']' timed out after 60 seconds
2026-02-20 00:59:17,448 - MasterOrchestrator - INFO - Status: 6 pending, 0 approved, 6 done
2026-02-20 00:59:19,269 - MasterOrchestrator - INFO - Status: 6 pending, 0 approved, 6 done
2026-02-20 00:59:27,459 - MasterOrchestrator - INFO - Status: 6 pending, 0 approved, 6 done
2026-02-20 00:59:29,309 - MasterOrchestrator - INFO - Status: 6 pending, 0 approved, 6 done
2026-02-20 00:59:37,488 - MasterOrchestrator - INFO - Status: 6 pending, 0 approved, 6 done
2026-02-20 00:59:39,402 - MasterOrchestrator - INFO - Status: 6 pending, 0 approved, 6 done
2026-02-20 00:59:47,524 - MasterOrchestrator - INFO - Status: 6 pending, 0 approved, 6 done
2026-02-20 00:59:49,414 - MasterOrchestrator - INFO - Status: 6 pending, 0 approved, 6 done
2026-02-20 00:59:57,581 - MasterOrchestrator - INFO - Status: 6 pending, 0 approved, 6 done
2026-02-20 00:59:59,426 - MasterOrchestrator - INFO - Status: 6 pending, 0 approved, 6 done
2026-02-20 01:00:02,428 - MasterOrchestrator - INFO - Checking Gmail...
2026-02-20 01:00:07,590 - MasterOrchestrator - INFO - Status: 6 pending, 0 approved, 6 done
2026-02-20 01:00:12,592 - MasterOrchestrator - INFO - Checking Gmail...
2026-02-20 01:01:02,476 - MasterOrchestrator - ERROR - Error checking Gmail: Command '['C:\\Users\\Dell\\AppData\\Local\\Programs\\Python\\Python313\\python.exe', 'C:\\Users\\Dell\\Desktop\\New folder (3)\\AI_personal_Employee\\Platinum_Tier\\gmail_watcher_imap.py']' timed out after 60 seconds
2026-02-20 01:01:02,477 - MasterOrchestrator - INFO - Found 1 approved file(s)
2026-02-20 01:01:09,526 - MasterOrchestrator - INFO - Status: 6 pending, 1 approved, 5 done
2026-02-20 01:01:12,542 - MasterOrchestrator - INFO - Found 1 approved file(s)
2026-02-20 01:01:12,615 - MasterOrchestrator - ERROR - Error checking Gmail: Command '['C:\\Users\\Dell\\AppData\\Local\\Programs\\Python\\Python313\\python.exe', 'C:\\Users\\Dell\\Desktop\\New folder (3)\\AI_personal_Employee\\Platinum_Tier\\gmail_watcher_imap.py']' timed out after 60 seconds
2026-02-20 01:01:12,617 - MasterOrchestrator - INFO - Found 1 approved file(s)
2026-02-20 01:01:17,631 - MasterOrchestrator - INFO - Status: 6 pending, 1 approved, 5 done
2026-02-20 01:01:19,553 - MasterOrchestrator - INFO - Status: 6 pending, 1 approved, 5 done
2026-02-20 01:01:22,581 - MasterOrchestrator - INFO - Found 1 approved file(s)
2026-02-20 01:01:22,672 - MasterOrchestrator - INFO - Found 1 approved file(s)
2026-02-20 01:01:27,679 - MasterOrchestrator - INFO - Status: 6 pending, 1 approved, 5 done
2026-02-20 01:01:29,591 - MasterOrchestrator - INFO - Status: 6 pending, 1 approved, 5 done
2026-02-20 01:01:32,592 - MasterOrchestrator - INFO - Found 1 approved file(s)
2026-02-20 01:01:32,682 - MasterOrchestrator - INFO - Found 1 approved file(s)
2026-02-20 01:01:37,689 - MasterOrchestrator - INFO - Status: 6 pending, 1 approved, 5 done
2026-02-20 01:01:39,618 - MasterOrchestrator - INFO - Status: 6 pending, 1 approved, 5 done
2026-02-20 01:01:42,620 - MasterOrchestrator - INFO - Found 1 approved file(s)
2026-02-20 01:01:42,700 - MasterOrchestrator - INFO - Found 1 approved file(s)
2026-02-20 01:01:47,705 - MasterOrchestrator - INFO - Status: 6 pending, 1 approved, 5 done
2026-02-20 01:01:49,627 - MasterOrchestrator - INFO - Status: 6 pending, 1 approved, 5 done
2026-02-20 01:01:52,631 - MasterOrchestrator - INFO - Found 1 approved file(s)
2026-02-20 01:01:52,708 - MasterOrchestrator - INFO - Found 1 approved file(s)
2026-02-20 01:01:57,716 - MasterOrchestrator - INFO - Status: 6 pending, 1 approved, 5 done
2026-02-20 01:01:59,641 - MasterOrchestrator - INFO - Status: 6 pending, 1 approved, 5 done
2026-02-20 01:02:02,643 - MasterOrchestrator - INFO - Checking Gmail...
2026-02-20 01:02:02,748 - MasterOrchestrator - INFO - Found 1 approved file(s)
2026-02-20 01:02:07,755 - MasterOrchestrator - INFO - Status: 6 pending, 1 approved, 5 done
2026-02-20 01:02:12,757 - MasterOrchestrator - INFO - Checking Gmail...
2026-02-20 01:03:02,656 - MasterOrchestrator - ERROR - Error checking Gmail: Command '['C:\\Users\\Dell\\AppData\\Local\\Programs\\Python\\Python313\\python.exe', 'C:\\Users\\Dell\\Desktop\\New folder (3)\\AI_personal_Employee\\Platinum_Tier\\gmail_watcher_imap.py']' timed out after 60 seconds
2026-02-20 01:03:02,658 - MasterOrchestrator - INFO - Found 1 approved file(s)
2026-02-20 01:03:09,669 - MasterOrchestrator - INFO - Status: 6 pending, 1 approved, 5 done
2026-02-20 01:03:12,671 - MasterOrchestrator - INFO - Found 1 approved file(s)
2026-02-20 01:03:12,781 - MasterOrchestrator - ERROR - Error checking Gmail: Command '['C:\\Users\\Dell\\AppData\\Local\\Programs\\Python\\Python313\\python.exe', 'C:\\Users\\Dell\\Desktop\\New folder (3)\\AI_personal_Employee\\Platinum_Tier\\gmail_watcher_imap.py']' timed out after 60 seconds
2026-02-20 01:03:12,783 - MasterOrchestrator - INFO - Found 1 approved file(s)
2026-02-20 01:03:17,790 - MasterOrchestrator - INFO - Status: 6 pending, 1 approved, 5 done
2026-02-20 01:03:19,680 - MasterOrchestrator - INFO - Status: 6 pending, 1 approved, 5 done
2026-02-20 01:03:22,683 - MasterOrchestrator - INFO - Found 1 approved file(s)
2026-02-20 01:03:22,793 - MasterOrchestrator - INFO - Found 1 approved file(s)
2026-02-20 01:03:27,800 - MasterOrchestrator - INFO - Status: 6 pending, 1 approved, 5 done
2026-02-20 01:03:29,691 - MasterOrchestrator - INFO - Status: 6 pending, 1 approved, 5 done
2026-02-20 01:03:32,693 - MasterOrchestrator - INFO - Found 1 approved file(s)
2026-02-20 01:03:32,805 - MasterOrchestrator - INFO - Found 1 approved file(s)
2026-02-20 01:03:37,811 - MasterOrchestrator - INFO - Status: 6 pending, 1 approved, 5 done
2026-02-20 01:03:39,708 - MasterOrchestrator - INFO - Status: 6 pending, 1 approved, 5 done
2026-02-20 01:03:42,730 - MasterOrchestrator - INFO - Found 1 approved file(s)
2026-02-20 01:03:42,838 - MasterOrchestrator - INFO - Found 1 approved file(s)
2026-02-20 01:03:47,854 - MasterOrchestrator - INFO - Status: 6 pending, 1 approved, 5 done
2026-02-20 01:03:49,737 - MasterOrchestrator - INFO - Status: 6 pending, 1 approved, 5 done
2026-02-20 01:03:52,749 - MasterOrchestrator - INFO - Found 1 approved file(s)
2026-02-20 01:03:52,858 - MasterOrchestrator - INFO - Found 1 approved file(s)
2026-02-20 01:03:57,865 - MasterOrchestrator - INFO - Status: 6 pending, 1 approved, 5 done
2026-02-20 01:03:59,755 - MasterOrchestrator - INFO - Status: 6 pending, 1 approved, 5 done
2026-02-20 01:04:02,757 - MasterOrchestrator - INFO - Checking Gmail...
2026-02-20 01:04:02,867 - MasterOrchestrator - INFO - Found 1 approved file(s)
2026-02-20 01:04:07,872 - MasterOrchestrator - INFO - Status: 6 pending, 1 approved, 5 done
2026-02-20 01:04:12,875 - MasterOrchestrator - INFO - Checking Gmail...
2026-02-20 01:05:02,776 - MasterOrchestrator - ERROR - Error checking Gmail: Command '['C:\\Users\\Dell\\AppData\\Local\\Programs\\Python\\Python313\\python.exe', 'C:\\Users\\Dell\\Desktop\\New folder (3)\\AI_personal_Employee\\Platinum_Tier\\gmail_watcher_imap.py']' timed out after 60 seconds
2026-02-20 01:05:02,778 - MasterOrchestrator - INFO - Found 1 approved file(s)
2026-02-20 01:05:09,870 - MasterOrchestrator - INFO - Status: 6 pending, 1 approved, 5 done
2026-02-20 01:05:12,904 - MasterOrchestrator - ERROR - Error checking Gmail: Command '['C:\\Users\\Dell\\AppData\\Local\\Programs\\Python\\Python313\\python.exe', 'C:\\Users\\Dell\\Desktop\\New folder (3)\\AI_personal_Employee\\Platinum_Tier\\gmail_watcher_imap.py']' timed out after 60 seconds
2026-02-20 01:05:12,906 - MasterOrchestrator - INFO - Found 1 approved file(s)
2026-02-20 01:05:12,932 - MasterOrchestrator - INFO - Found 1 approved file(s)
2026-02-20 01:05:17,912 - MasterOrchestrator - INFO - Status: 6 pending, 1 approved, 5 done
2026-02-20 01:05:19,943 - MasterOrchestrator - INFO - Status: 6 pending, 1 approved, 5 done
2026-02-20 01:05:22,940 - MasterOrchestrator - INFO - Found 1 approved file(s)
2026-02-20 01:05:22,944 - MasterOrchestrator - INFO - Found 1 approved file(s)
2026-02-20 01:05:27,947 - MasterOrchestrator - INFO - Status: 6 pending, 1 approved, 5 done
2026-02-20 01:05:29,952 - MasterOrchestrator - INFO - Status: 6 pending, 1 approved, 5 done
2026-02-20 01:05:32,950 - MasterOrchestrator - INFO - Found 1 approved file(s)
2026-02-20 01:05:32,955 - MasterOrchestrator - INFO - Found 1 approved file(s)
2026-02-20 01:05:37,967 - MasterOrchestrator - INFO - Status: 6 pending, 1 approved, 5 done
2026-02-20 01:05:39,973 - MasterOrchestrator - INFO - Status: 6 pending, 1 approved, 5 done
2026-02-20 01:05:42,972 - MasterOrchestrator - INFO - Found 1 approved file(s)
2026-02-20 01:05:42,976 - MasterOrchestrator - INFO - Found 1 approved file(s)
2026-02-20 01:05:47,990 - MasterOrchestrator - INFO - Status: 6 pending, 1 approved, 5 done
2026-02-20 01:05:49,999 - MasterOrchestrator - INFO - Status: 6 pending, 1 approved, 5 done
2026-02-20 01:05:52,997 - MasterOrchestrator - INFO - Found 1 approved file(s)
2026-02-20 01:05:53,008 - MasterOrchestrator - INFO - Found 1 approved file(s)
2026-02-20 01:05:58,006 - MasterOrchestrator - INFO - Status: 6 pending, 1 approved, 5 done
2026-02-20 01:06:00,016 - MasterOrchestrator - INFO - Status: 6 pending, 1 approved, 5 done
2026-02-20 01:06:03,009 - MasterOrchestrator - INFO - Found 1 approved file(s)
2026-02-20 01:06:03,018 - MasterOrchestrator - INFO - Checking Gmail...
2026-02-20 01:06:08,015 - MasterOrchestrator - INFO - Status: 6 pending, 1 approved, 5 done
2026-02-20 01:06:13,017 - MasterOrchestrator - INFO - Checking Gmail...
2026-02-20 01:07:03,041 - MasterOrchestrator - ERROR - Error checking Gmail: Command '['C:\\Users\\Dell\\AppData\\Local\\Programs\\Python\\Python313\\python.exe', 'C:\\Users\\Dell\\Desktop\\New folder (3)\\AI_personal_Employee\\Platinum_Tier\\gmail_watcher_imap.py']' timed out after 60 seconds
2026-02-20 01:07:03,042 - MasterOrchestrator - INFO - Found 1 approved file(s)
2026-02-20 01:07:10,052 - MasterOrchestrator - INFO - Status: 6 pending, 1 approved, 5 done
2026-02-20 01:07:13,034 - MasterOrchestrator - ERROR - Error checking Gmail: Command '['C:\\Users\\Dell\\AppData\\Local\\Programs\\Python\\Python313\\python.exe', 'C:\\Users\\Dell\\Desktop\\New folder (3)\\AI_personal_Employee\\Platinum_Tier\\gmail_watcher_imap.py']' timed out after 60 seconds
2026-02-20 01:07:13,035 - MasterOrchestrator - INFO - Found 1 approved file(s)
2026-02-20 01:07:13,055 - MasterOrchestrator - INFO - Found 1 approved file(s)
2026-02-20 01:07:18,043 - MasterOrchestrator - INFO - Status: 6 pending, 1 approved, 5 done
2026-02-20 01:07:20,067 - MasterOrchestrator - INFO - Status: 6 pending, 1 approved, 5 done
2026-02-20 01:07:23,046 - MasterOrchestrator - INFO - Found 1 approved file(s)
2026-02-20 01:07:23,070 - MasterOrchestrator - INFO - Found 1 approved file(s)
2026-02-20 01:07:28,052 - MasterOrchestrator - INFO - Status: 6 pending, 1 approved, 5 done
2026-02-20 01:07:30,077 - MasterOrchestrator - INFO - Status: 6 pending, 1 approved, 5 done
2026-02-20 01:07:33,056 - MasterOrchestrator - INFO - Found 1 approved file(s)
2026-02-20 01:07:33,080 - MasterOrchestrator - INFO - Found 1 approved file(s)
2026-02-20 01:07:38,063 - MasterOrchestrator - INFO - Status: 6 pending, 1 approved, 5 done
2026-02-20 01:07:40,090 - MasterOrchestrator - INFO - Status: 6 pending, 1 approved, 5 done
2026-02-20 01:07:43,071 - MasterOrchestrator - INFO - Found 1 approved file(s)
2026-02-20 01:07:43,093 - MasterOrchestrator - INFO - Found 1 approved file(s)
2026-02-20 01:07:48,078 - MasterOrchestrator - INFO - Status: 6 pending, 1 approved, 5 done
2026-02-20 01:07:50,103 - MasterOrchestrator - INFO - Status: 6 pending, 1 approved, 5 done
2026-02-20 01:07:53,088 - MasterOrchestrator - INFO - Found 1 approved file(s)
2026-02-20 01:07:53,110 - MasterOrchestrator - INFO - Found 1 approved file(s)
2026-02-20 01:07:58,096 - MasterOrchestrator - INFO - Status: 6 pending, 1 approved, 5 done
2026-02-20 01:08:00,123 - MasterOrchestrator - INFO - Status: 6 pending, 1 approved, 5 done
2026-02-20 01:08:03,100 - MasterOrchestrator - INFO - Found 1 approved file(s)
2026-02-20 01:08:03,126 - MasterOrchestrator - INFO - Checking Gmail...
2026-02-20 01:08:08,107 - MasterOrchestrator - INFO - Status: 6 pending, 1 approved, 5 done
2026-02-20 01:08:13,110 - MasterOrchestrator - INFO - Checking Gmail...
